/home/student33/LeoRoverAutonomousExploration-main/leo_exploration_ws/install/leo_exploration/lib/python3.12/site-packages/leo_exploration/frontier_explorer.py
/home/student33/LeoRoverAutonomousExploration-main/leo_exploration_ws/install/leo_exploration/lib/python3.12/site-packages/leo_exploration/__init__.py
/home/student33/LeoRoverAutonomousExploration-main/leo_exploration_ws/install/leo_exploration/lib/python3.12/site-packages/leo_exploration/__pycache__/frontier_explorer.cpython-312.pyc
/home/student33/LeoRoverAutonomousExploration-main/leo_exploration_ws/install/leo_exploration/lib/python3.12/site-packages/leo_exploration/__pycache__/__init__.cpython-312.pyc
/home/student33/LeoRoverAutonomousExploration-main/leo_exploration_ws/install/leo_exploration/share/ament_index/resource_index/packages/leo_exploration
/home/student33/LeoRoverAutonomousExploration-main/leo_exploration_ws/install/leo_exploration/share/leo_exploration/package.xml
/home/student33/LeoRoverAutonomousExploration-main/leo_exploration_ws/install/leo_exploration/share/leo_exploration/launch/sim_exploration_launch.py
/home/student33/LeoRoverAutonomousExploration-main/leo_exploration_ws/install/leo_exploration/share/leo_exploration/launch/exploration_launch.py
/home/student33/LeoRoverAutonomousExploration-main/leo_exploration_ws/install/leo_exploration/share/leo_exploration/config/nav2_params.yaml
/home/student33/LeoRoverAutonomousExploration-main/leo_exploration_ws/install/leo_exploration/share/leo_exploration/config/slam_toolbox_params.yaml
/home/student33/LeoRoverAutonomousExploration-main/leo_exploration_ws/install/leo_exploration/share/leo_exploration/config/rviz2_config.rviz
/home/student33/LeoRoverAutonomousExploration-main/leo_exploration_ws/install/leo_exploration/share/leo_exploration/config/ros_gz_bridge.yaml
/home/student33/LeoRoverAutonomousExploration-main/leo_exploration_ws/install/leo_exploration/share/leo_exploration/worlds/exploration_test.world
/home/student33/LeoRoverAutonomousExploration-main/leo_exploration_ws/install/leo_exploration/share/leo_exploration/urdf/leo_rover.urdf
/home/student33/LeoRoverAutonomousExploration-main/leo_exploration_ws/install/leo_exploration/share/leo_exploration/scripts/install_sim_deps.sh
/home/student33/LeoRoverAutonomousExploration-main/leo_exploration_ws/install/leo_exploration/share/leo_exploration/scripts/obstacle_manager.sh
/home/student33/LeoRoverAutonomousExploration-main/leo_exploration_ws/install/leo_exploration/lib/python3.12/site-packages/leo_exploration-2.6.0-py3.12.egg-info/zip-safe
/home/student33/LeoRoverAutonomousExploration-main/leo_exploration_ws/install/leo_exploration/lib/python3.12/site-packages/leo_exploration-2.6.0-py3.12.egg-info/entry_points.txt
/home/student33/LeoRoverAutonomousExploration-main/leo_exploration_ws/install/leo_exploration/lib/python3.12/site-packages/leo_exploration-2.6.0-py3.12.egg-info/PKG-INFO
/home/student33/LeoRoverAutonomousExploration-main/leo_exploration_ws/install/leo_exploration/lib/python3.12/site-packages/leo_exploration-2.6.0-py3.12.egg-info/SOURCES.txt
/home/student33/LeoRoverAutonomousExploration-main/leo_exploration_ws/install/leo_exploration/lib/python3.12/site-packages/leo_exploration-2.6.0-py3.12.egg-info/requires.txt
/home/student33/LeoRoverAutonomousExploration-main/leo_exploration_ws/install/leo_exploration/lib/python3.12/site-packages/leo_exploration-2.6.0-py3.12.egg-info/dependency_links.txt
/home/student33/LeoRoverAutonomousExploration-main/leo_exploration_ws/install/leo_exploration/lib/python3.12/site-packages/leo_exploration-2.6.0-py3.12.egg-info/top_level.txt
/home/student33/LeoRoverAutonomousExploration-main/leo_exploration_ws/install/leo_exploration/lib/leo_exploration/frontier_explorer
