[0.642s] Invoking command in '/home/student33/LeoRoverAutonomousExploration-main/leo_exploration_ws/src/leo_exploration': DEBUGINFOD_URLS=https://debuginfod.ubuntu.com PYTHONPATH=/home/student33/LeoRoverAutonomousExploration-main/leo_exploration_ws/build/leo_exploration/prefix_override:/usr/lib/python3/dist-packages/colcon_core/task/python/colcon_distutils_commands:/home/student33/LeoRoverAutonomousExploration-main/leo_exploration_ws/install/leo_exploration/lib/python3.12/site-packages:${PYTHONPATH} /usr/bin/python3 -W ignore:setup.py install is deprecated -W ignore:easy_install command is deprecated setup.py egg_info --egg-base ../../build/leo_exploration build --build-base /home/student33/LeoRoverAutonomousExploration-main/leo_exploration_ws/build/leo_exploration/build install --record /home/student33/LeoRoverAutonomousExploration-main/leo_exploration_ws/build/leo_exploration/install.log --single-version-externally-managed install_data
[0.826s] running egg_info
[0.827s] creating ../../build/leo_exploration/leo_exploration.egg-info
[0.839s] writing ../../build/leo_exploration/leo_exploration.egg-info/PKG-INFO
[0.839s] writing dependency_links to ../../build/leo_exploration/leo_exploration.egg-info/dependency_links.txt
[0.839s] writing entry points to ../../build/leo_exploration/leo_exploration.egg-info/entry_points.txt
[0.840s] writing requirements to ../../build/leo_exploration/leo_exploration.egg-info/requires.txt
[0.840s] writing top-level names to ../../build/leo_exploration/leo_exploration.egg-info/top_level.txt
[0.840s] writing manifest file '../../build/leo_exploration/leo_exploration.egg-info/SOURCES.txt'
[0.874s] reading manifest file '../../build/leo_exploration/leo_exploration.egg-info/SOURCES.txt'
[0.874s] writing manifest file '../../build/leo_exploration/leo_exploration.egg-info/SOURCES.txt'
[0.875s] running build
[0.875s] running build_py
[0.875s] creating /home/student33/LeoRoverAutonomousExploration-main/leo_exploration_ws/build/leo_exploration/build
[0.875s] creating /home/student33/LeoRoverAutonomousExploration-main/leo_exploration_ws/build/leo_exploration/build/lib
[0.875s] creating /home/student33/LeoRoverAutonomousExploration-main/leo_exploration_ws/build/leo_exploration/build/lib/leo_exploration
[0.875s] copying leo_exploration/frontier_explorer.py -> /home/student33/LeoRoverAutonomousExploration-main/leo_exploration_ws/build/leo_exploration/build/lib/leo_exploration
[0.875s] copying leo_exploration/__init__.py -> /home/student33/LeoRoverAutonomousExploration-main/leo_exploration_ws/build/leo_exploration/build/lib/leo_exploration
[0.876s] running install
[0.880s] running install_lib
[0.893s] creating /home/student33/LeoRoverAutonomousExploration-main/leo_exploration_ws/install/leo_exploration/lib/python3.12/site-packages/leo_exploration
[0.893s] copying /home/student33/LeoRoverAutonomousExploration-main/leo_exploration_ws/build/leo_exploration/build/lib/leo_exploration/frontier_explorer.py -> /home/student33/LeoRoverAutonomousExploration-main/leo_exploration_ws/install/leo_exploration/lib/python3.12/site-packages/leo_exploration
[0.893s] copying /home/student33/LeoRoverAutonomousExploration-main/leo_exploration_ws/build/leo_exploration/build/lib/leo_exploration/__init__.py -> /home/student33/LeoRoverAutonomousExploration-main/leo_exploration_ws/install/leo_exploration/lib/python3.12/site-packages/leo_exploration
[0.894s] byte-compiling /home/student33/LeoRoverAutonomousExploration-main/leo_exploration_ws/install/leo_exploration/lib/python3.12/site-packages/leo_exploration/frontier_explorer.py to frontier_explorer.cpython-312.pyc
[0.901s] byte-compiling /home/student33/LeoRoverAutonomousExploration-main/leo_exploration_ws/install/leo_exploration/lib/python3.12/site-packages/leo_exploration/__init__.py to __init__.cpython-312.pyc
[0.901s] running install_data
[0.901s] creating /home/student33/LeoRoverAutonomousExploration-main/leo_exploration_ws/install/leo_exploration/share/ament_index
[0.901s] creating /home/student33/LeoRoverAutonomousExploration-main/leo_exploration_ws/install/leo_exploration/share/ament_index/resource_index
[0.902s] creating /home/student33/LeoRoverAutonomousExploration-main/leo_exploration_ws/install/leo_exploration/share/ament_index/resource_index/packages
[0.902s] copying resource/leo_exploration -> /home/student33/LeoRoverAutonomousExploration-main/leo_exploration_ws/install/leo_exploration/share/ament_index/resource_index/packages
[0.902s] copying package.xml -> /home/student33/LeoRoverAutonomousExploration-main/leo_exploration_ws/install/leo_exploration/share/leo_exploration
[0.902s] creating /home/student33/LeoRoverAutonomousExploration-main/leo_exploration_ws/install/leo_exploration/share/leo_exploration/launch
[0.902s] copying launch/sim_exploration_launch.py -> /home/student33/LeoRoverAutonomousExploration-main/leo_exploration_ws/install/leo_exploration/share/leo_exploration/launch
[0.902s] copying launch/exploration_launch.py -> /home/student33/LeoRoverAutonomousExploration-main/leo_exploration_ws/install/leo_exploration/share/leo_exploration/launch
[0.902s] creating /home/student33/LeoRoverAutonomousExploration-main/leo_exploration_ws/install/leo_exploration/share/leo_exploration/config
[0.902s] copying config/nav2_params.yaml -> /home/student33/LeoRoverAutonomousExploration-main/leo_exploration_ws/install/leo_exploration/share/leo_exploration/config
[0.902s] copying config/slam_toolbox_params.yaml -> /home/student33/LeoRoverAutonomousExploration-main/leo_exploration_ws/install/leo_exploration/share/leo_exploration/config
[0.903s] copying config/rviz2_config.rviz -> /home/student33/LeoRoverAutonomousExploration-main/leo_exploration_ws/install/leo_exploration/share/leo_exploration/config
[0.903s] copying config/ros_gz_bridge.yaml -> /home/student33/LeoRoverAutonomousExploration-main/leo_exploration_ws/install/leo_exploration/share/leo_exploration/config
[0.903s] creating /home/student33/LeoRoverAutonomousExploration-main/leo_exploration_ws/install/leo_exploration/share/leo_exploration/worlds
[0.903s] copying worlds/exploration_test.world -> /home/student33/LeoRoverAutonomousExploration-main/leo_exploration_ws/install/leo_exploration/share/leo_exploration/worlds
[0.903s] creating /home/student33/LeoRoverAutonomousExploration-main/leo_exploration_ws/install/leo_exploration/share/leo_exploration/urdf
[0.903s] copying urdf/leo_rover.urdf -> /home/student33/LeoRoverAutonomousExploration-main/leo_exploration_ws/install/leo_exploration/share/leo_exploration/urdf
[0.903s] creating /home/student33/LeoRoverAutonomousExploration-main/leo_exploration_ws/install/leo_exploration/share/leo_exploration/scripts
[0.904s] copying scripts/install_sim_deps.sh -> /home/student33/LeoRoverAutonomousExploration-main/leo_exploration_ws/install/leo_exploration/share/leo_exploration/scripts
[0.904s] copying scripts/obstacle_manager.sh -> /home/student33/LeoRoverAutonomousExploration-main/leo_exploration_ws/install/leo_exploration/share/leo_exploration/scripts
[0.904s] running install_egg_info
[0.920s] Copying ../../build/leo_exploration/leo_exploration.egg-info to /home/student33/LeoRoverAutonomousExploration-main/leo_exploration_ws/install/leo_exploration/lib/python3.12/site-packages/leo_exploration-2.6.0-py3.12.egg-info
[0.920s] running install_scripts
[1.006s] Installing frontier_explorer script to /home/student33/LeoRoverAutonomousExploration-main/leo_exploration_ws/install/leo_exploration/lib/leo_exploration
[1.006s] writing list of installed files to '/home/student33/LeoRoverAutonomousExploration-main/leo_exploration_ws/build/leo_exploration/install.log'
[1.039s] Invoked command in '/home/student33/LeoRoverAutonomousExploration-main/leo_exploration_ws/src/leo_exploration' returned '0': DEBUGINFOD_URLS=https://debuginfod.ubuntu.com PYTHONPATH=/home/student33/LeoRoverAutonomousExploration-main/leo_exploration_ws/build/leo_exploration/prefix_override:/usr/lib/python3/dist-packages/colcon_core/task/python/colcon_distutils_commands:/home/student33/LeoRoverAutonomousExploration-main/leo_exploration_ws/install/leo_exploration/lib/python3.12/site-packages:${PYTHONPATH} /usr/bin/python3 -W ignore:setup.py install is deprecated -W ignore:easy_install command is deprecated setup.py egg_info --egg-base ../../build/leo_exploration build --build-base /home/student33/LeoRoverAutonomousExploration-main/leo_exploration_ws/build/leo_exploration/build install --record /home/student33/LeoRoverAutonomousExploration-main/leo_exploration_ws/build/leo_exploration/install.log --single-version-externally-managed install_data
